Using pre-set license
Built from '2020.3/release' branch; Version is '2020.3.7f1 (dd97f2c94397) revision 14522354'; Using compiler version '192528614'; Build Type 'Release'
OS: 'Windows 10 Pro; OS build 19043.1165; Version 2009; 64bit' Language: 'en' Physical Memory: 32720 MB
BatchMode: 1, IsHumanControllingUs: 0, StartBugReporterOnCrash: 0, Is64bit: 1, IsPro: 0

 COMMAND LINE ARGUMENTS:
G:\Unity\2020.3.7f1\Editor\Unity.exe
-adb2
-batchMode
-noUpm
-name
AssetImportWorker0
-projectPath
C:/Users/popro/Desktop/College/Fall 2021/CS 4640/EssentialsOfUnity/Essentials 3D project
-logFile
Logs/AssetImportWorker0.log
-srvPort
62403
Successfully changed project path to: C:/Users/popro/Desktop/College/Fall 2021/CS 4640/EssentialsOfUnity/Essentials 3D project
C:/Users/popro/Desktop/College/Fall 2021/CS 4640/EssentialsOfUnity/Essentials 3D project
Using Asset Import Pipeline V2.
Refreshing native plugins compatible for Editor in 19.44 ms, found 0 plugins.
Preloading 0 native plugins for Editor in 0.00 ms.
Initialize engine version: 2020.3.7f1 (dd97f2c94397)
[Subsystems] Discovering subsystems at path G:/Unity/2020.3.7f1/Editor/Data/Resources/UnitySubsystems
[Subsystems] Discovering subsystems at path C:/Users/popro/Desktop/College/Fall 2021/CS 4640/EssentialsOfUnity/Essentials 3D project/Assets
GfxDevice: creating device client; threaded=0
Direct3D:
    Version:  Direct3D 11.0 [level 11.1]
    Renderer: NVIDIA GeForce GTX 1070 (ID=0x1b81)
    Vendor:   
    VRAM:     8088 MB
    Driver:   30.0.14.7196
Initialize mono
Mono path[0] = 'G:/Unity/2020.3.7f1/Editor/Data/Managed'
Mono path[1] = 'G:/Unity/2020.3.7f1/Editor/Data/MonoBleedingEdge/lib/mono/unityjit'
Mono config path = 'G:/Unity/2020.3.7f1/Editor/Data/MonoBleedingEdge/etc'
Using monoOptions --debugger-agent=transport=dt_socket,embedding=1,server=y,suspend=n,address=127.0.0.1:56460
Begin MonoManager ReloadAssembly
Registering precompiled unity dll's ...
Register platform support module: G:/Unity/2020.3.7f1/Editor/Data/PlaybackEngines/WebGLSupport/UnityEditor.WebGL.Extensions.dll
Register platform support module: G:/Unity/2020.3.7f1/Editor/Data/PlaybackEngines/WindowsStandaloneSupport/UnityEditor.WindowsStandalone.Extensions.dll
Registered in 0.001645 seconds.
Native extension for WindowsStandalone target not found
Native extension for WebGL target not found
Refreshing native plugins compatible for Editor in 19.98 ms, found 0 plugins.
Preloading 0 native plugins for Editor in 0.00 ms.
Mono: successfully reloaded assembly
- Completed reload, in  2.332 seconds
Platform modules already initialized, skipping
Registering precompiled user dll's ...
Registered in 0.000930 seconds.
Begin MonoManager ReloadAssembly
Native extension for WindowsStandalone target not found
Native extension for WebGL target not found
Refreshing native plugins compatible for Editor in 0.18 ms, found 0 plugins.
Preloading 0 native plugins for Editor in 0.00 ms.
Mono: successfully reloaded assembly
- Completed reload, in  0.742 seconds
Platform modules already initialized, skipping
========================================================================
Worker process is ready to serve import requests
Launched and connected shader compiler UnityShaderCompiler.exe after 0.12 seconds
Refreshing native plugins compatible for Editor in 0.21 ms, found 0 plugins.
Preloading 0 native plugins for Editor in 0.00 ms.
Unloading 1115 Unused Serialized files (Serialized files now loaded: 0)
System memory in use before: 57.5 MB.
System memory in use after: 57.5 MB.

Unloading 10 unused Assets to reduce memory usage. Loaded Objects now: 1557.
Total: 1.613300 ms (FindLiveObjects: 0.172900 ms CreateObjectMapping: 0.048100 ms MarkObjects: 1.324100 ms  DeleteObjects: 0.067200 ms)

========================================================================
Received Import Request.
  path: Assets/Scenes/SampleScene.unity
  artifactKey: Guid(9fc0d4010bbf28b4594072e72b8655ab) Importer(815301076,1909f56bfc062723c751e8b465ee728b)
Start importing Assets/Scenes/SampleScene.unity using Guid(9fc0d4010bbf28b4594072e72b8655ab) Importer(815301076,1909f56bfc062723c751e8b465ee728b)  -> (artifact id: 'c48871fa07abdf0fd89f134f91601668') in 0.011954 seconds
  Import took 0.013624 seconds .

========================================================================
Received Import Request.
  Time since last request: 6.514706 seconds.
  path: Assets/Scenes/SampleScene 1.unity
  artifactKey: Guid(224e90982940df7458ed7a7baf71054d) Importer(815301076,1909f56bfc062723c751e8b465ee728b)
Start importing Assets/Scenes/SampleScene 1.unity using Guid(224e90982940df7458ed7a7baf71054d) Importer(815301076,1909f56bfc062723c751e8b465ee728b)  -> (artifact id: '2797ab5c8415ef484e61979201e2f368') in 0.006334 seconds
  Import took 0.007978 seconds .

========================================================================
Received Import Request.
  Time since last request: 26.006158 seconds.
  path: Assets/Scenes/MonumentScene.unity
  artifactKey: Guid(9fc0d4010bbf28b4594072e72b8655ab) Importer(815301076,1909f56bfc062723c751e8b465ee728b)
Start importing Assets/Scenes/MonumentScene.unity using Guid(9fc0d4010bbf28b4594072e72b8655ab) Importer(815301076,1909f56bfc062723c751e8b465ee728b)  -> (artifact id: '0d0cc07b5fef1dda9ee6fc2c4b405375') in 0.007540 seconds
  Import took 0.009222 seconds .

========================================================================
Received Import Request.
  Time since last request: 576.321350 seconds.
  path: Assets/Scenes/MonumentScene 1.unity
  artifactKey: Guid(da6fb1cfbc7af7c418fa0d1314db22af) Importer(815301076,1909f56bfc062723c751e8b465ee728b)
Start importing Assets/Scenes/MonumentScene 1.unity using Guid(da6fb1cfbc7af7c418fa0d1314db22af) Importer(815301076,1909f56bfc062723c751e8b465ee728b)  -> (artifact id: '506167265c5c041877fbfd36f6fe7ab3') in 0.006354 seconds
  Import took 0.008247 seconds .

========================================================================
Received Import Request.
  Time since last request: 9.226389 seconds.
  path: Assets/Scenes/MonumentSceneContinued.unity
  artifactKey: Guid(9fc0d4010bbf28b4594072e72b8655ab) Importer(815301076,1909f56bfc062723c751e8b465ee728b)
Start importing Assets/Scenes/MonumentSceneContinued.unity using Guid(9fc0d4010bbf28b4594072e72b8655ab) Importer(815301076,1909f56bfc062723c751e8b465ee728b)  -> (artifact id: 'db3ef03bc37827dc6246d08eb32a11a8') in 0.006681 seconds
  Import took 0.008800 seconds .

========================================================================
Received Prepare
Registering precompiled user dll's ...
Registered in 0.000814 seconds.
Begin MonoManager ReloadAssembly
Native extension for WindowsStandalone target not found
Native extension for WebGL target not found
Refreshing native plugins compatible for Editor in 0.19 ms, found 0 plugins.
Preloading 0 native plugins for Editor in 0.00 ms.
Mono: successfully reloaded assembly
- Completed reload, in  0.720 seconds
Platform modules already initialized, skipping
Refreshing native plugins compatible for Editor in 0.22 ms, found 0 plugins.
Preloading 0 native plugins for Editor in 0.00 ms.
Unloading 1110 Unused Serialized files (Serialized files now loaded: 0)
System memory in use before: 57.4 MB.
System memory in use after: 57.5 MB.

Unloading 5 unused Assets to reduce memory usage. Loaded Objects now: 1560.
Total: 1.678700 ms (FindLiveObjects: 0.155700 ms CreateObjectMapping: 0.090900 ms MarkObjects: 1.379900 ms  DeleteObjects: 0.050800 ms)

========================================================================
Received Prepare
Registering precompiled user dll's ...
Registered in 0.000751 seconds.
Begin MonoManager ReloadAssembly
Native extension for WindowsStandalone target not found
Native extension for WebGL target not found
Refreshing native plugins compatible for Editor in 0.19 ms, found 0 plugins.
Preloading 0 native plugins for Editor in 0.00 ms.
Mono: successfully reloaded assembly
- Completed reload, in  0.696 seconds
Platform modules already initialized, skipping
Refreshing native plugins compatible for Editor in 0.21 ms, found 0 plugins.
Preloading 0 native plugins for Editor in 0.00 ms.
Unloading 1110 Unused Serialized files (Serialized files now loaded: 0)
System memory in use before: 57.5 MB.
System memory in use after: 57.5 MB.

Unloading 5 unused Assets to reduce memory usage. Loaded Objects now: 1563.
Total: 1.581300 ms (FindLiveObjects: 0.145400 ms CreateObjectMapping: 0.037800 ms MarkObjects: 1.345500 ms  DeleteObjects: 0.051200 ms)

========================================================================
Received Import Request.
  Time since last request: 438.653930 seconds.
  path: Assets/Scenes/MonumentSceneContinued.unity
  artifactKey: Guid(9fc0d4010bbf28b4594072e72b8655ab) Importer(815301076,1909f56bfc062723c751e8b465ee728b)
Start importing Assets/Scenes/MonumentSceneContinued.unity using Guid(9fc0d4010bbf28b4594072e72b8655ab) Importer(815301076,1909f56bfc062723c751e8b465ee728b)  -> (artifact id: '806d71c2998de8477d0567c9bc6c8aae') in 0.012886 seconds
  Import took 0.014677 seconds .

========================================================================
Received Import Request.
  Time since last request: 3.760998 seconds.
  path: Assets/Scenes/MonumentSceneContinued 1.unity
  artifactKey: Guid(46ec1446bba6d034f80e83e15eacc4d4) Importer(815301076,1909f56bfc062723c751e8b465ee728b)
Start importing Assets/Scenes/MonumentSceneContinued 1.unity using Guid(46ec1446bba6d034f80e83e15eacc4d4) Importer(815301076,1909f56bfc062723c751e8b465ee728b)  -> (artifact id: 'd5102d81bd52f76ebfc7003ad78a0a83') in 0.006416 seconds
  Import took 0.008177 seconds .

========================================================================
Received Import Request.
  Time since last request: 9.805465 seconds.
  path: Assets/Scenes/MonumentSceneContinued2.unity
  artifactKey: Guid(9fc0d4010bbf28b4594072e72b8655ab) Importer(815301076,1909f56bfc062723c751e8b465ee728b)
Start importing Assets/Scenes/MonumentSceneContinued2.unity using Guid(9fc0d4010bbf28b4594072e72b8655ab) Importer(815301076,1909f56bfc062723c751e8b465ee728b)  -> (artifact id: '4f98cf46286b716d0914fa61677ad919') in 0.018431 seconds
  Import took 0.020297 seconds .

========================================================================
Received Import Request.
  Time since last request: 17.901425 seconds.
  path: Assets
  artifactKey: Guid(00000000000000001000000000000000) Importer(815301076,1909f56bfc062723c751e8b465ee728b)
Start importing Assets using Guid(00000000000000001000000000000000) Importer(815301076,1909f56bfc062723c751e8b465ee728b)  -> (artifact id: '5f6a1853b736837ecfb0820a881449cb') in 0.006127 seconds
  Import took 0.007803 seconds .

========================================================================
Received Import Request.
  Time since last request: 4.045015 seconds.
  path: Assets/Materials
  artifactKey: Guid(6d32f09fc4fe7c54d9481d3e3ac762c6) Importer(815301076,1909f56bfc062723c751e8b465ee728b)
Start importing Assets/Materials using Guid(6d32f09fc4fe7c54d9481d3e3ac762c6) Importer(815301076,1909f56bfc062723c751e8b465ee728b)  -> (artifact id: '82a99283b8829c59ddc14bb5a2ed26c1') in 0.005828 seconds
  Import took 0.007660 seconds .

========================================================================
Received Import Request.
  Time since last request: 12.228292 seconds.
  path: Assets/Materials/BrickMaterial.mat
  artifactKey: Guid(7fdf0ca708ec06b4e86e56f36d168d1c) Importer(815301076,1909f56bfc062723c751e8b465ee728b)
Start importing Assets/Materials/BrickMaterial.mat using Guid(7fdf0ca708ec06b4e86e56f36d168d1c) Importer(815301076,1909f56bfc062723c751e8b465ee728b)  -> (artifact id: '900fe4952320d2576b85c214368cd75f') in 0.109146 seconds
  Import took 0.111018 seconds .

========================================================================
Received Import Request.
  Time since last request: 49.264778 seconds.
  path: Assets/Materials/Herringbone_Brick_baseColor.png
  artifactKey: Guid(6ead69485ce636c4798bcc6b0a921119) Importer(815301076,1909f56bfc062723c751e8b465ee728b)
Start importing Assets/Materials/Herringbone_Brick_baseColor.png using Guid(6ead69485ce636c4798bcc6b0a921119) Importer(815301076,1909f56bfc062723c751e8b465ee728b)  -> (artifact id: 'de05af1bb741be371010174c69ae87a2') in 0.068990 seconds
  Import took 0.071189 seconds .

========================================================================
Received Import Request.
  Time since last request: 125.234962 seconds.
  path: Assets/Materials/New Material.mat
  artifactKey: Guid(29480c723b05e1e44a864171f2e51136) Importer(815301076,1909f56bfc062723c751e8b465ee728b)
Start importing Assets/Materials/New Material.mat using Guid(29480c723b05e1e44a864171f2e51136) Importer(815301076,1909f56bfc062723c751e8b465ee728b)  -> (artifact id: 'e40a576ad9076a56b0918fdce3dbd97a') in 0.011517 seconds
  Import took 0.013584 seconds .

========================================================================
Received Import Request.
  Time since last request: 20.225659 seconds.
  path: Assets/Materials/BouncyBall.physicMaterial
  artifactKey: Guid(4f25a1eb3756963468583b9c06c4ad3a) Importer(815301076,1909f56bfc062723c751e8b465ee728b)
Start importing Assets/Materials/BouncyBall.physicMaterial using Guid(4f25a1eb3756963468583b9c06c4ad3a) Importer(815301076,1909f56bfc062723c751e8b465ee728b)  -> (artifact id: '47191e2fcccfd4eb347bdc71a1c2ebd3') in 0.010038 seconds
  Import took 0.011885 seconds .

========================================================================
Received Prepare
Registering precompiled user dll's ...
Registered in 0.000803 seconds.
Begin MonoManager ReloadAssembly
Native extension for WindowsStandalone target not found
Native extension for WebGL target not found
Refreshing native plugins compatible for Editor in 0.18 ms, found 0 plugins.
Preloading 0 native plugins for Editor in 0.00 ms.
Mono: successfully reloaded assembly
- Completed reload, in  0.733 seconds
Platform modules already initialized, skipping
Refreshing native plugins compatible for Editor in 0.20 ms, found 0 plugins.
Preloading 0 native plugins for Editor in 0.00 ms.
Unloading 1110 Unused Serialized files (Serialized files now loaded: 0)
System memory in use before: 60.8 MB.
System memory in use after: 60.9 MB.

Unloading 5 unused Assets to reduce memory usage. Loaded Objects now: 1607.
Total: 1.461400 ms (FindLiveObjects: 0.153100 ms CreateObjectMapping: 0.041000 ms MarkObjects: 1.219600 ms  DeleteObjects: 0.046300 ms)

========================================================================
Received Import Request.
  Time since last request: 133.111086 seconds.
  path: Assets/Materials/BouncyBall.physicMaterial
  artifactKey: Guid(4f25a1eb3756963468583b9c06c4ad3a) Importer(815301076,1909f56bfc062723c751e8b465ee728b)
Start importing Assets/Materials/BouncyBall.physicMaterial using Guid(4f25a1eb3756963468583b9c06c4ad3a) Importer(815301076,1909f56bfc062723c751e8b465ee728b)  -> (artifact id: '490ad0d6406d118b533dc5164a93b2a2') in 0.013282 seconds
  Import took 0.015172 seconds .

========================================================================
Received Import Request.
  Time since last request: 0.000167 seconds.
  path: Assets/Materials/BrickMaterial.mat
  artifactKey: Guid(7fdf0ca708ec06b4e86e56f36d168d1c) Importer(815301076,1909f56bfc062723c751e8b465ee728b)
Start importing Assets/Materials/BrickMaterial.mat using Guid(7fdf0ca708ec06b4e86e56f36d168d1c) Importer(815301076,1909f56bfc062723c751e8b465ee728b)  -> (artifact id: '00db76ca50251e1d3bc5d65781254844') in 0.049447 seconds
  Import took 0.051164 seconds .

========================================================================
Received Import Request.
  Time since last request: 1271.241985 seconds.
  path: Assets/Ground textures pack
  artifactKey: Guid(4ea41d2b3294cdf448c2b98308d23365) Importer(815301076,1909f56bfc062723c751e8b465ee728b)
Start importing Assets/Ground textures pack using Guid(4ea41d2b3294cdf448c2b98308d23365) Importer(815301076,1909f56bfc062723c751e8b465ee728b)  -> (artifact id: 'b1d6bc1ece5e9fbc5770e80975b582be') in 0.011845 seconds
  Import took 0.014011 seconds .

AssetImportWorkerClient::OnTransportError - code=2 error=End of file
